e:\young\project\myplot\qtguiapplication3\qtguiapplication3\debug\moc_myqwizard.obj
e:\young\project\myplot\qtguiapplication3\qtguiapplication3\debug\main.obj
e:\young\project\myplot\qtguiapplication3\qtguiapplication3\debug\myslideswitch.obj
e:\young\project\myplot\qtguiapplication3\qtguiapplication3\debug\moc_qtguiapplication3.obj
e:\young\project\myplot\qtguiapplication3\qtguiapplication3\debug\moc_curveplot.obj
e:\young\project\myplot\qtguiapplication3\qtguiapplication3\debug\myqwizard.obj
e:\young\project\myplot\qtguiapplication3\qtguiapplication3\debug\qtguiapplication3.obj
e:\young\project\myplot\qtguiapplication3\qtguiapplication3\debug\moc_qccurveplot.obj
e:\young\project\myplot\qtguiapplication3\qtguiapplication3\debug\qcustomplot.obj
e:\young\project\myplot\qtguiapplication3\qtguiapplication3\debug\moc_myslideswitch.obj
e:\young\project\myplot\qtguiapplication3\qtguiapplication3\debug\moc_qcustomplot.obj
e:\young\project\myplot\qtguiapplication3\qtguiapplication3\debug\curveplot.obj
e:\young\project\myplot\qtguiapplication3\qtguiapplication3\debug\qccurveplot.obj
e:\young\project\myplot\qtguiapplication3\qtguiapplication3\debug\vc140.pdb
e:\young\project\myplot\qtguiapplication3\qtguiapplication3\debug\qrc_qtguiapplication3.obj
e:\young\project\myplot\qtguiapplication3\qtguiapplication3\debug\moc_vazapplication.obj
e:\young\project\myplot\qtguiapplication3\qtguiapplication3\debug\vazapplication.obj
e:\young\project\myplot\qtguiapplication3\qtguiapplication3\generatedfiles\debug\moc_qtguiapplication3.cpp
e:\young\project\myplot\qtguiapplication3\qtguiapplication3\generatedfiles\ui_qtguiapplication3.h
e:\young\project\myplot\qtguiapplication3\qtguiapplication3\generatedfiles\debug\moc_qccurveplot.cpp
e:\young\project\myplot\qtguiapplication3\qtguiapplication3\generatedfiles\debug\moc_qcustomplot.cpp
e:\young\project\myplot\qtguiapplication3\qtguiapplication3\generatedfiles\debug\moc_myslideswitch.cpp
e:\young\project\myplot\qtguiapplication3\qtguiapplication3\generatedfiles\debug\moc_curveplot.cpp
e:\young\project\myplot\qtguiapplication3\qtguiapplication3\generatedfiles\debug\moc_myqwizard.cpp
e:\young\project\myplot\qtguiapplication3\qtguiapplication3\generatedfiles\qrc_qtguiapplication3.cpp
e:\young\project\myplot\qtguiapplication3\qtguiapplication3\generatedfiles\debug\moc_vazapplication.cpp
e:\young\project\myplot\qtguiapplication3\win32\debug\qtguiapplication3.ilk
e:\young\project\myplot\qtguiapplication3\win32\debug\qtguiapplication3.exe
e:\young\project\myplot\qtguiapplication3\win32\debug\qtguiapplication3.pdb
e:\young\project\myplot\qtguiapplication3\qtguiapplication3\debug\qtguiapp.b12702ad.tlog\cl.command.1.tlog
e:\young\project\myplot\qtguiapplication3\qtguiapplication3\debug\qtguiapp.b12702ad.tlog\cl.read.1.tlog
e:\young\project\myplot\qtguiapplication3\qtguiapplication3\debug\qtguiapp.b12702ad.tlog\cl.write.1.tlog
e:\young\project\myplot\qtguiapplication3\qtguiapplication3\debug\qtguiapp.b12702ad.tlog\custombuild.command.1.tlog
e:\young\project\myplot\qtguiapplication3\qtguiapplication3\debug\qtguiapp.b12702ad.tlog\custombuild.read.1.tlog
e:\young\project\myplot\qtguiapplication3\qtguiapplication3\debug\qtguiapp.b12702ad.tlog\custombuild.write.1.tlog
e:\young\project\myplot\qtguiapplication3\qtguiapplication3\debug\qtguiapp.b12702ad.tlog\link.command.1.tlog
e:\young\project\myplot\qtguiapplication3\qtguiapplication3\debug\qtguiapp.b12702ad.tlog\link.read.1.tlog
e:\young\project\myplot\qtguiapplication3\qtguiapplication3\debug\qtguiapp.b12702ad.tlog\link.write.1.tlog
