  CurvePlot.cpp
  moc_CurvePlot.cpp
  moc_MySlideSwitch.cpp
  moc_QCCurvePlot.cpp
  moc_QtGuiApplication3.cpp
  moc_VAZApplication.cpp
  moc_myqwizard.cpp
  moc_qcustomplot.cpp
  QCCurvePlot.cpp
  QtGuiApplication3.cpp
  VAZApplication.cpp
  MySlideSwitch.cpp
  main.cpp
  myqwizard.cpp
QtGuiApplication3.cpp(359): warning C4129: “.”: 不可识别的字符转义序列
  qcustomplot.cpp
C:\Program Files (x86)\Microsoft Visual Studio 14.0\VC\include\xutility(2372): warning C4996: 'std::copy::_Unchecked_iterators::_Deprecate': Call to 'std::copy' with parameters that may be unsafe - this call relies on the caller to check that the passed values are correct. To disable this warning, use -D_SCL_SECURE_NO_WARNINGS. See documentation on how to use Visual C++ 'Checked Iterators' (编译源文件 QCCurvePlot.cpp)
  C:\Program Files (x86)\Microsoft Visual Studio 14.0\VC\include\xutility(2372): note: 参见“std::copy::_Unchecked_iterators::_Deprecate”的声明 (编译源文件 QCCurvePlot.cpp)
  QCCurvePlot.cpp(284): note: 参见对正在编译的函数 模板 实例化“_OutIt *std::copy<const CMyQCPCurveData*,CMyQCPCurveData*>(_InIt,_InIt,_OutIt)”的引用
          with
          [
              _OutIt=CMyQCPCurveData *,
              _InIt=const CMyQCPCurveData *
          ]
C:\Program Files (x86)\Microsoft Visual Studio 14.0\VC\include\xutility(2568): warning C4996: 'std::copy_backward::_Unchecked_iterators::_Deprecate': Call to 'std::copy_backward' with parameters that may be unsafe - this call relies on the caller to check that the passed values are correct. To disable this warning, use -D_SCL_SECURE_NO_WARNINGS. See documentation on how to use Visual C++ 'Checked Iterators' (编译源文件 QCCurvePlot.cpp)
  C:\Program Files (x86)\Microsoft Visual Studio 14.0\VC\include\xutility(2568): note: 参见“std::copy_backward::_Unchecked_iterators::_Deprecate”的声明 (编译源文件 QCCurvePlot.cpp)
  e:\young\project\myplot\qtguiapplication3\qtguiapplication3\qcustomplot.h(3201): note: 参见对正在编译的函数 模板 实例化“_BidIt2 *std::copy_backward<CMyQCPCurveData*,CMyQCPCurveData*>(_BidIt1,_BidIt1,_BidIt2)”的引用
          with
          [
              _BidIt2=CMyQCPCurveData *,
              _BidIt1=CMyQCPCurveData *
          ] (编译源文件 QCCurvePlot.cpp)
  e:\young\project\myplot\qtguiapplication3\qtguiapplication3\qcustomplot.h(3191): note: 编译类 模板 成员函数“void QCPDataContainer<CMyQCPCurveData>::preallocateGrow(int)”时 (编译源文件 QCCurvePlot.cpp)
  e:\young\project\myplot\qtguiapplication3\qtguiapplication3\qcustomplot.h(2750): note: 参见对正在编译的函数 模板 实例化“void QCPDataContainer<CMyQCPCurveData>::preallocateGrow(int)”的引用 (编译源文件 QCCurvePlot.cpp)
  e:\young\project\myplot\qtguiapplication3\qtguiapplication3\qcustomplot.h(2743): note: 编译类 模板 成员函数“void QCPDataContainer<CMyQCPCurveData>::add(const DataType &)”时
          with
          [
              DataType=CMyQCPCurveData
          ] (编译源文件 QCCurvePlot.cpp)
  QCCurvePlot.cpp(76): note: 参见对正在编译的函数 模板 实例化“void QCPDataContainer<CMyQCPCurveData>::add(const DataType &)”的引用
          with
          [
              DataType=CMyQCPCurveData
          ]
  e:\young\project\myplot\qtguiapplication3\qtguiapplication3\QCCurvePlot.h(74): note: 参见对正在编译的类 模板 实例化“QCPDataContainer<CMyQCPCurveData>”的引用 (编译源文件 QCCurvePlot.cpp)
C:\Program Files (x86)\Microsoft Visual Studio 14.0\VC\include\xutility(2372): warning C4996: 'std::copy::_Unchecked_iterators::_Deprecate': Call to 'std::copy' with parameters that may be unsafe - this call relies on the caller to check that the passed values are correct. To disable this warning, use -D_SCL_SECURE_NO_WARNINGS. See documentation on how to use Visual C++ 'Checked Iterators' (编译源文件 qcustomplot.cpp)
  C:\Program Files (x86)\Microsoft Visual Studio 14.0\VC\include\xutility(2372): note: 参见“std::copy::_Unchecked_iterators::_Deprecate”的声明 (编译源文件 qcustomplot.cpp)
  qcustomplot.cpp(20982): note: 参见对正在编译的函数 模板 实例化“_OutIt *std::copy<const QCPGraphData*,QCPGraphData*>(_InIt,_InIt,_OutIt)”的引用
          with
          [
              _OutIt=QCPGraphData *,
              _InIt=const QCPGraphData *
          ]
C:\Program Files (x86)\Microsoft Visual Studio 14.0\VC\include\xutility(2568): warning C4996: 'std::copy_backward::_Unchecked_iterators::_Deprecate': Call to 'std::copy_backward' with parameters that may be unsafe - this call relies on the caller to check that the passed values are correct. To disable this warning, use -D_SCL_SECURE_NO_WARNINGS. See documentation on how to use Visual C++ 'Checked Iterators' (编译源文件 qcustomplot.cpp)
  C:\Program Files (x86)\Microsoft Visual Studio 14.0\VC\include\xutility(2568): note: 参见“std::copy_backward::_Unchecked_iterators::_Deprecate”的声明 (编译源文件 qcustomplot.cpp)
  e:\young\project\myplot\qtguiapplication3\qtguiapplication3\qcustomplot.h(3201): note: 参见对正在编译的函数 模板 实例化“_BidIt2 *std::copy_backward<QCPGraphData*,QCPGraphData*>(_BidIt1,_BidIt1,_BidIt2)”的引用
          with
          [
              _BidIt2=QCPGraphData *,
              _BidIt1=QCPGraphData *
          ] (编译源文件 qcustomplot.cpp)
  e:\young\project\myplot\qtguiapplication3\qtguiapplication3\qcustomplot.h(3191): note: 编译类 模板 成员函数“void QCPDataContainer<QCPGraphData>::preallocateGrow(int)”时 (编译源文件 qcustomplot.cpp)
  e:\young\project\myplot\qtguiapplication3\qtguiapplication3\qcustomplot.h(2750): note: 参见对正在编译的函数 模板 实例化“void QCPDataContainer<QCPGraphData>::preallocateGrow(int)”的引用 (编译源文件 qcustomplot.cpp)
  e:\young\project\myplot\qtguiapplication3\qtguiapplication3\qcustomplot.h(2743): note: 编译类 模板 成员函数“void QCPDataContainer<QCPGraphData>::add(const DataType &)”时
          with
          [
              DataType=QCPGraphData
          ] (编译源文件 qcustomplot.cpp)
  qcustomplot.cpp(20307): note: 参见对正在编译的函数 模板 实例化“void QCPDataContainer<QCPGraphData>::add(const DataType &)”的引用
          with
          [
              DataType=QCPGraphData
          ]
  e:\young\project\myplot\qtguiapplication3\qtguiapplication3\qcustomplot.h(5237): note: 参见对正在编译的类 模板 实例化“QCPDataContainer<QCPGraphData>”的引用 (编译源文件 qcustomplot.cpp)
  qrc_QtGuiApplication3.cpp
  QtGuiApplication3.vcxproj -> E:\Young\project\myPlot\QtGuiApplication3\Win32\Debug\QtGuiApplication3.exe
  QtGuiApplication3.vcxproj -> E:\Young\project\myPlot\QtGuiApplication3\Win32\Debug\QtGuiApplication3.pdb (Full PDB)
