e:\young\project\myplot\qtguiapplication3\selfcheck\debug\stpebase.obj
e:\young\project\myplot\qtguiapplication3\selfcheck\debug\dbinit.obj
e:\young\project\myplot\qtguiapplication3\selfcheck\debug\moc_stpebase.obj
e:\young\project\myplot\qtguiapplication3\selfcheck\debug\vc140.pdb
e:\young\project\myplot\qtguiapplication3\selfcheck\generatedfiles\debug\moc_stpebase.cpp
e:\young\project\myplot\qtguiapplication3\win32\debug\selfcheck.ilk
e:\young\project\myplot\qtguiapplication3\win32\debug\selfcheck.dll
e:\young\project\myplot\qtguiapplication3\win32\debug\selfcheck.pdb
e:\young\project\myplot\qtguiapplication3\win32\debug\selfcheck.lib
e:\young\project\myplot\qtguiapplication3\win32\debug\selfcheck.exp
e:\young\project\myplot\qtguiapplication3\selfcheck\debug\selfcheck.tlog\cl.command.1.tlog
e:\young\project\myplot\qtguiapplication3\selfcheck\debug\selfcheck.tlog\cl.read.1.tlog
e:\young\project\myplot\qtguiapplication3\selfcheck\debug\selfcheck.tlog\cl.write.1.tlog
e:\young\project\myplot\qtguiapplication3\selfcheck\debug\selfcheck.tlog\custombuild.command.1.tlog
e:\young\project\myplot\qtguiapplication3\selfcheck\debug\selfcheck.tlog\custombuild.read.1.tlog
e:\young\project\myplot\qtguiapplication3\selfcheck\debug\selfcheck.tlog\custombuild.write.1.tlog
e:\young\project\myplot\qtguiapplication3\selfcheck\debug\selfcheck.tlog\link.command.1.tlog
e:\young\project\myplot\qtguiapplication3\selfcheck\debug\selfcheck.tlog\link.read.1.tlog
e:\young\project\myplot\qtguiapplication3\selfcheck\debug\selfcheck.tlog\link.write.1.tlog
e:\young\project\myplot\qtguiapplication3\selfcheck\debug\selfcheck.tlog\selfcheck.write.1u.tlog
