e:\young\project\myplot\qtguiapplication3\serialdevice\debug\vc140.pdb
e:\young\project\myplot\qtguiapplication3\serialdevice\debug\serialdevice.obj
e:\young\project\myplot\qtguiapplication3\serialdevice\debug\serialdev.obj
e:\young\project\myplot\qtguiapplication3\serialdevice\debug\rs232device.obj
e:\young\project\myplot\qtguiapplication3\serialdevice\debug\networkdev.obj
e:\young\project\myplot\qtguiapplication3\serialdevice\debug\moc_serialdev.obj
e:\young\project\myplot\qtguiapplication3\serialdevice\debug\moc_networkdev.obj
e:\young\project\myplot\qtguiapplication3\serialdevice\debug\moc_devicemgr.obj
e:\young\project\myplot\qtguiapplication3\serialdevice\debug\moc_communicatedev.obj
e:\young\project\myplot\qtguiapplication3\serialdevice\debug\devicemgr.obj
e:\young\project\myplot\qtguiapplication3\serialdevice\debug\communicatedev.obj
e:\young\project\myplot\qtguiapplication3\serialdevice\generatedfiles\debug\moc_communicatedev.cpp
e:\young\project\myplot\qtguiapplication3\serialdevice\generatedfiles\debug\moc_networkdev.cpp
e:\young\project\myplot\qtguiapplication3\serialdevice\generatedfiles\debug\moc_devicemgr.cpp
e:\young\project\myplot\qtguiapplication3\serialdevice\generatedfiles\debug\moc_serialdev.cpp
e:\young\project\myplot\qtguiapplication3\serialdevice\debug\serialdevice.tlog\cl.command.1.tlog
e:\young\project\myplot\qtguiapplication3\serialdevice\debug\serialdevice.tlog\cl.read.1.tlog
e:\young\project\myplot\qtguiapplication3\serialdevice\debug\serialdevice.tlog\cl.write.1.tlog
e:\young\project\myplot\qtguiapplication3\serialdevice\debug\serialdevice.tlog\custombuild.command.1.tlog
e:\young\project\myplot\qtguiapplication3\serialdevice\debug\serialdevice.tlog\custombuild.read.1.tlog
e:\young\project\myplot\qtguiapplication3\serialdevice\debug\serialdevice.tlog\custombuild.write.1.tlog
e:\young\project\myplot\qtguiapplication3\serialdevice\debug\serialdevice.tlog\link.command.1.tlog
e:\young\project\myplot\qtguiapplication3\serialdevice\debug\serialdevice.tlog\link.read.1.tlog
e:\young\project\myplot\qtguiapplication3\serialdevice\debug\serialdevice.tlog\link.write.1.tlog
