e:\young\project\myplot\qtguiapplication3\softkeyboard_dll\softkeyboard_dll\debug\softkeyboard_dll.obj
e:\young\project\myplot\qtguiapplication3\softkeyboard_dll\softkeyboard_dll\debug\moc_softkeyboard_dll.obj
e:\young\project\myplot\qtguiapplication3\softkeyboard_dll\softkeyboard_dll\debug\vc140.pdb
e:\young\project\myplot\qtguiapplication3\softkeyboard_dll\softkeyboard_dll\generatedfiles\debug\moc_softkeyboard_dll.cpp
e:\young\project\myplot\qtguiapplication3\softkeyboard_dll\softkeyboard_dll\debug\moc_predefs.h
e:\young\project\myplot\qtguiapplication3\win32\debug\softkeyboard_dll.ilk
e:\young\project\myplot\qtguiapplication3\win32\debug\softkeyboard_dll.dll
e:\young\project\myplot\qtguiapplication3\win32\debug\softkeyboard_dll.pdb
e:\young\project\myplot\qtguiapplication3\softkeyboard_dll\softkeyboard_dll\ui_softkeyboard.h
e:\young\project\myplot\qtguiapplication3\win32\debug\softkeyboard_dll.lib
e:\young\project\myplot\qtguiapplication3\win32\debug\softkeyboard_dll.exp
e:\young\project\myplot\qtguiapplication3\softkeyboard_dll\softkeyboard_dll\debug\softkeyboard_dll.tlog\cl.command.1.tlog
e:\young\project\myplot\qtguiapplication3\softkeyboard_dll\softkeyboard_dll\debug\softkeyboard_dll.tlog\cl.read.1.tlog
e:\young\project\myplot\qtguiapplication3\softkeyboard_dll\softkeyboard_dll\debug\softkeyboard_dll.tlog\cl.write.1.tlog
e:\young\project\myplot\qtguiapplication3\softkeyboard_dll\softkeyboard_dll\debug\softkeyboard_dll.tlog\custombuild.command.1.tlog
e:\young\project\myplot\qtguiapplication3\softkeyboard_dll\softkeyboard_dll\debug\softkeyboard_dll.tlog\custombuild.read.1.tlog
e:\young\project\myplot\qtguiapplication3\softkeyboard_dll\softkeyboard_dll\debug\softkeyboard_dll.tlog\custombuild.write.1.tlog
e:\young\project\myplot\qtguiapplication3\softkeyboard_dll\softkeyboard_dll\debug\softkeyboard_dll.tlog\link.command.1.tlog
e:\young\project\myplot\qtguiapplication3\softkeyboard_dll\softkeyboard_dll\debug\softkeyboard_dll.tlog\link.read.1.tlog
e:\young\project\myplot\qtguiapplication3\softkeyboard_dll\softkeyboard_dll\debug\softkeyboard_dll.tlog\link.write.1.tlog
e:\young\project\myplot\qtguiapplication3\softkeyboard_dll\softkeyboard_dll\debug\softkeyboard_dll.tlog\softkeyboard_dll.write.1u.tlog
e:\young\project\myplot\qtguiapplication3\softkeyboard_dll\softkeyboard_dll\debug\softkeyboard_dll.tlog\uic.read.1u.tlog
e:\young\project\myplot\qtguiapplication3\softkeyboard_dll\softkeyboard_dll\debug\softkeyboard_dll.tlog\uic.write.1u.tlog
